{"/media/john/33d8a49f-a5aa-421e-b3c9-b3f0310aeac0/bootcamp/jude/team-jenkins/index.js": {"path":"/media/john/33d8a49f-a5aa-421e-b3c9-b3f0310aeac0/bootcamp/jude/team-jenkins/index.js","statementMap":{"0":{"start":{"line":1,"column":14},"end":{"line":1,"column":44}},"1":{"start":{"line":2,"column":16},"end":{"line":2,"column":48}},"2":{"start":{"line":4,"column":14},"end":{"line":4,"column":49}},"3":{"start":{"line":8,"column":18},"end":{"line":8,"column":48}},"4":{"start":{"line":11,"column":0},"end":{"line":11,"column":27}}},"fnMap":{},"branchMap":{},"s":{"0":1,"1":1,"2":1,"3":1,"4":1},"f":{},"b":{},"_coverageSchema":"1a1c01bbd47fc00a2c39e90264f33305004495a9","hash":"b5c0d44c763b9c37ac66d179b283bd2879e4358d"}
,"/media/john/33d8a49f-a5aa-421e-b3c9-b3f0310aeac0/bootcamp/jude/team-jenkins/models/marksModel.js": {"path":"/media/john/33d8a49f-a5aa-421e-b3c9-b3f0310aeac0/bootcamp/jude/team-jenkins/models/marksModel.js","statementMap":{"0":{"start":{"line":3,"column":4},"end":{"line":3,"column":27}},"1":{"start":{"line":4,"column":4},"end":{"line":4,"column":27}},"2":{"start":{"line":5,"column":4},"end":{"line":5,"column":23}},"3":{"start":{"line":9,"column":16},"end":{"line":9,"column":20}},"4":{"start":{"line":10,"column":4},"end":{"line":28,"column":5}},"5":{"start":{"line":11,"column":6},"end":{"line":11,"column":42}},"6":{"start":{"line":12,"column":6},"end":{"line":12,"column":18}},"7":{"start":{"line":13,"column":11},"end":{"line":28,"column":5}},"8":{"start":{"line":14,"column":6},"end":{"line":14,"column":41}},"9":{"start":{"line":15,"column":6},"end":{"line":15,"column":18}},"10":{"start":{"line":16,"column":11},"end":{"line":28,"column":5}},"11":{"start":{"line":17,"column":6},"end":{"line":17,"column":41}},"12":{"start":{"line":18,"column":6},"end":{"line":18,"column":18}},"13":{"start":{"line":19,"column":11},"end":{"line":28,"column":5}},"14":{"start":{"line":20,"column":6},"end":{"line":20,"column":41}},"15":{"start":{"line":21,"column":6},"end":{"line":21,"column":18}},"16":{"start":{"line":22,"column":11},"end":{"line":28,"column":5}},"17":{"start":{"line":23,"column":6},"end":{"line":23,"column":41}},"18":{"start":{"line":24,"column":6},"end":{"line":24,"column":18}},"19":{"start":{"line":25,"column":11},"end":{"line":28,"column":5}},"20":{"start":{"line":26,"column":6},"end":{"line":26,"column":37}},"21":{"start":{"line":27,"column":6},"end":{"line":27,"column":18}},"22":{"start":{"line":29,"column":4},"end":{"line":29,"column":17}},"23":{"start":{"line":33,"column":16},"end":{"line":33,"column":20}},"24":{"start":{"line":34,"column":4},"end":{"line":37,"column":5}},"25":{"start":{"line":35,"column":6},"end":{"line":35,"column":20}},"26":{"start":{"line":36,"column":6},"end":{"line":36,"column":44}},"27":{"start":{"line":38,"column":4},"end":{"line":41,"column":5}},"28":{"start":{"line":39,"column":6},"end":{"line":39,"column":20}},"29":{"start":{"line":40,"column":6},"end":{"line":40,"column":49}},"30":{"start":{"line":42,"column":4},"end":{"line":45,"column":5}},"31":{"start":{"line":43,"column":6},"end":{"line":43,"column":20}},"32":{"start":{"line":44,"column":6},"end":{"line":44,"column":62}},"33":{"start":{"line":46,"column":4},"end":{"line":49,"column":5}},"34":{"start":{"line":47,"column":6},"end":{"line":47,"column":20}},"35":{"start":{"line":48,"column":6},"end":{"line":48,"column":49}},"36":{"start":{"line":50,"column":4},"end":{"line":50,"column":17}},"37":{"start":{"line":54,"column":0},"end":{"line":54,"column":23}}},"fnMap":{"0":{"name":"(anonymous_0)","decl":{"start":{"line":2,"column":2},"end":{"line":2,"column":3}},"loc":{"start":{"line":2,"column":39},"end":{"line":6,"column":3}},"line":2},"1":{"name":"(anonymous_1)","decl":{"start":{"line":8,"column":2},"end":{"line":8,"column":3}},"loc":{"start":{"line":8,"column":17},"end":{"line":30,"column":3}},"line":8},"2":{"name":"(anonymous_2)","decl":{"start":{"line":32,"column":2},"end":{"line":32,"column":3}},"loc":{"start":{"line":32,"column":15},"end":{"line":51,"column":3}},"line":32}},"branchMap":{"0":{"loc":{"start":{"line":10,"column":4},"end":{"line":28,"column":5}},"type":"if","locations":[{"start":{"line":10,"column":4},"end":{"line":28,"column":5}},{"start":{"line":10,"column":4},"end":{"line":28,"column":5}}],"line":10},"1":{"loc":{"start":{"line":13,"column":11},"end":{"line":28,"column":5}},"type":"if","locations":[{"start":{"line":13,"column":11},"end":{"line":28,"column":5}},{"start":{"line":13,"column":11},"end":{"line":28,"column":5}}],"line":13},"2":{"loc":{"start":{"line":13,"column":15},"end":{"line":13,"column":50}},"type":"binary-expr","locations":[{"start":{"line":13,"column":15},"end":{"line":13,"column":31}},{"start":{"line":13,"column":35},"end":{"line":13,"column":50}}],"line":13},"3":{"loc":{"start":{"line":16,"column":11},"end":{"line":28,"column":5}},"type":"if","locations":[{"start":{"line":16,"column":11},"end":{"line":28,"column":5}},{"start":{"line":16,"column":11},"end":{"line":28,"column":5}}],"line":16},"4":{"loc":{"start":{"line":16,"column":15},"end":{"line":16,"column":50}},"type":"binary-expr","locations":[{"start":{"line":16,"column":15},"end":{"line":16,"column":31}},{"start":{"line":16,"column":35},"end":{"line":16,"column":50}}],"line":16},"5":{"loc":{"start":{"line":19,"column":11},"end":{"line":28,"column":5}},"type":"if","locations":[{"start":{"line":19,"column":11},"end":{"line":28,"column":5}},{"start":{"line":19,"column":11},"end":{"line":28,"column":5}}],"line":19},"6":{"loc":{"start":{"line":19,"column":15},"end":{"line":19,"column":50}},"type":"binary-expr","locations":[{"start":{"line":19,"column":15},"end":{"line":19,"column":31}},{"start":{"line":19,"column":35},"end":{"line":19,"column":50}}],"line":19},"7":{"loc":{"start":{"line":22,"column":11},"end":{"line":28,"column":5}},"type":"if","locations":[{"start":{"line":22,"column":11},"end":{"line":28,"column":5}},{"start":{"line":22,"column":11},"end":{"line":28,"column":5}}],"line":22},"8":{"loc":{"start":{"line":22,"column":15},"end":{"line":22,"column":50}},"type":"binary-expr","locations":[{"start":{"line":22,"column":15},"end":{"line":22,"column":31}},{"start":{"line":22,"column":35},"end":{"line":22,"column":50}}],"line":22},"9":{"loc":{"start":{"line":25,"column":11},"end":{"line":28,"column":5}},"type":"if","locations":[{"start":{"line":25,"column":11},"end":{"line":28,"column":5}},{"start":{"line":25,"column":11},"end":{"line":28,"column":5}}],"line":25},"10":{"loc":{"start":{"line":25,"column":15},"end":{"line":25,"column":49}},"type":"binary-expr","locations":[{"start":{"line":25,"column":15},"end":{"line":25,"column":30}},{"start":{"line":25,"column":34},"end":{"line":25,"column":49}}],"line":25},"11":{"loc":{"start":{"line":34,"column":4},"end":{"line":37,"column":5}},"type":"if","locations":[{"start":{"line":34,"column":4},"end":{"line":37,"column":5}},{"start":{"line":34,"column":4},"end":{"line":37,"column":5}}],"line":34},"12":{"loc":{"start":{"line":38,"column":4},"end":{"line":41,"column":5}},"type":"if","locations":[{"start":{"line":38,"column":4},"end":{"line":41,"column":5}},{"start":{"line":38,"column":4},"end":{"line":41,"column":5}}],"line":38},"13":{"loc":{"start":{"line":42,"column":4},"end":{"line":45,"column":5}},"type":"if","locations":[{"start":{"line":42,"column":4},"end":{"line":45,"column":5}},{"start":{"line":42,"column":4},"end":{"line":45,"column":5}}],"line":42},"14":{"loc":{"start":{"line":46,"column":4},"end":{"line":49,"column":5}},"type":"if","locations":[{"start":{"line":46,"column":4},"end":{"line":49,"column":5}},{"start":{"line":46,"column":4},"end":{"line":49,"column":5}}],"line":46}},"s":{"0":2,"1":2,"2":2,"3":1,"4":1,"5":0,"6":0,"7":1,"8":1,"9":1,"10":0,"11":0,"12":0,"13":0,"14":0,"15":0,"16":0,"17":0,"18":0,"19":0,"20":0,"21":0,"22":1,"23":0,"24":0,"25":0,"26":0,"27":0,"28":0,"29":0,"30":0,"31":0,"32":0,"33":0,"34":0,"35":0,"36":0,"37":1},"f":{"0":2,"1":1,"2":0},"b":{"0":[0,1],"1":[1,0],"2":[1,1],"3":[0,0],"4":[0,0],"5":[0,0],"6":[0,0],"7":[0,0],"8":[0,0],"9":[0,0],"10":[0,0],"11":[0,0],"12":[0,0],"13":[0,0],"14":[0,0]},"_coverageSchema":"1a1c01bbd47fc00a2c39e90264f33305004495a9","hash":"fa16eb92594c8adc8e8ca04187a52342e7cdb61e"}
,"/media/john/33d8a49f-a5aa-421e-b3c9-b3f0310aeac0/bootcamp/jude/team-jenkins/models/studentModel.js": {"path":"/media/john/33d8a49f-a5aa-421e-b3c9-b3f0310aeac0/bootcamp/jude/team-jenkins/models/studentModel.js","statementMap":{"0":{"start":{"line":3,"column":4},"end":{"line":3,"column":31}},"1":{"start":{"line":4,"column":4},"end":{"line":4,"column":33}},"2":{"start":{"line":5,"column":4},"end":{"line":5,"column":25}},"3":{"start":{"line":6,"column":4},"end":{"line":6,"column":19}}},"fnMap":{"0":{"name":"(anonymous_0)","decl":{"start":{"line":2,"column":2},"end":{"line":2,"column":3}},"loc":{"start":{"line":2,"column":50},"end":{"line":7,"column":3}},"line":2}},"branchMap":{},"s":{"0":0,"1":0,"2":0,"3":0},"f":{"0":0},"b":{},"_coverageSchema":"1a1c01bbd47fc00a2c39e90264f33305004495a9","hash":"645feb610301ccb286b92354487e3d6fbd31448b"}
}
